<?xml version="1.0" encoding="UTF-8"?>
<!-- Generated by org.testng.reporters.JUnitReportReporter -->
<testsuite skipped="0" hostname="LAPTOP-5T12JP60" name="com.fullstack.batch3.AppTest" tests="1" failures="0" timestamp="19 Sep 2020 11:27:01 GMT" time="21.993" errors="0">
  <testcase name="loginWithCorrectCredentials" time="21.993" classname="com.fullstack.batch3.AppTest"/>
</testsuite> <!-- com.fullstack.batch3.AppTest -->
