<?xml version="1.0" encoding="UTF-8"?>
<!-- Generated by org.testng.reporters.JUnitReportReporter -->
<testsuite skipped="0" hostname="LAPTOP-5T12JP60" name="com.fullstack.batch3.APITest" tests="2" failures="0" timestamp="19 Sep 2020 07:04:43 GMT" time="6.545" errors="0">
  <testcase name="testLoginAPI" time="3.997" classname="com.fullstack.batch3.APITest"/>
  <testcase name="testDashboardAPI" time="2.548" classname="com.fullstack.batch3.APITest"/>
</testsuite> <!-- com.fullstack.batch3.APITest -->
